<?xml version="1.0" encoding="UTF-8"?>
<testsuite name="payflow-gdpr-erasure" tests="13" failures="0">
  <testcase classname="payflow.gdpr" name="deterministic fixture provisions cross-store PII" time="3.872"></testcase>
  <testcase classname="payflow.gdpr" name="request contract is tenant-safe, concurrent, and idempotent" time="0.579"></testcase>
  <testcase classname="payflow.gdpr" name="normal subject PII is absent from every active store" time="0.235"></testcase>
  <testcase classname="payflow.gdpr" name="financial truth and shared unrelated records are retained" time="0.002"></testcase>
  <testcase classname="payflow.gdpr" name="retained financial links remain anonymous and support a later private refund" time="0.569"></testcase>
  <testcase classname="payflow.gdpr" name="post-erasure refunds preserve financial correctness without restoring PII" time="1.202"></testcase>
  <testcase classname="payflow.gdpr" name="failed post-erasure refunds remain private and retry safely" time="1.137"></testcase>
  <testcase classname="payflow.gdpr" name="merchant credentials remain usable after customer erasure" time="0.022"></testcase>
  <testcase classname="payflow.gdpr" name="customer erasure preserves unrelated customer and merchant-platform survivors" time="0.035"></testcase>
  <testcase classname="payflow.gdpr" name="failed erasure retries safely and pending asynchronous work is sanitized before completion" time="0.952"></testcase>
  <testcase classname="payflow.gdpr" name="delayed webhook and document work cannot reintroduce PII" time="0.704"></testcase>
  <testcase classname="payflow.gdpr" name="historical event replay is suppressed by durable erasure state" time="0.402"></testcase>
  <testcase classname="payflow.gdpr" name="survivor remains unchanged after replay and delayed work" time="0.008"></testcase>
</testsuite>
